{"numFailedTestSuites":0,"numFailedTests":0,"numPassedTestSuites":1,"numPassedTests":4,"numPendingTestSuites":0,"numPendingTests":0,"numRuntimeErrorTestSuites":0,"numTodoTests":0,"numTotalTestSuites":1,"numTotalTests":4,"openHandles":[],"snapshot":{"added":0,"didUpdate":false,"failure":false,"filesAdded":0,"filesRemoved":0,"filesRemovedList":[],"filesUnmatched":0,"filesUpdated":0,"matched":0,"total":0,"unchecked":0,"uncheckedKeysByFile":[],"unmatched":0,"updated":0},"startTime":1683179520485,"success":true,"testResults":[{"assertionResults":[{"ancestorTitles":["Auth - Client"],"failureMessages":[],"fullName":"Auth - Client 🧩 유저 정보가 충분하지 않은 상태에서 로그인 버튼을 누를 시 에러메시지가 나타나야 합니다.","location":null,"status":"passed","title":"🧩 유저 정보가 충분하지 않은 상태에서 로그인 버튼을 누를 시 에러메시지가 나타나야 합니다."},{"ancestorTitles":["Auth - Client"],"failureMessages":[],"fullName":"Auth - Client 🧩 로그인 버튼 클릭 시 성공적으로 로그인되어야 합니다.","location":null,"status":"passed","title":"🧩 로그인 버튼 클릭 시 성공적으로 로그인되어야 합니다."},{"ancestorTitles":["Auth - Client"],"failureMessages":[],"fullName":"Auth - Client 🧩 로그아웃 버튼 클릭 시 성공적으로 로그아웃되어야 합니다.","location":null,"status":"passed","title":"🧩 로그아웃 버튼 클릭 시 성공적으로 로그아웃되어야 합니다."},{"ancestorTitles":["Auth - Client"],"failureMessages":[],"fullName":"Auth - Client 🧩 존재하지 않는 유저의 정보로 로그인할 시 에러메시지가 나타나야 합니다.","location":null,"status":"passed","title":"🧩 존재하지 않는 유저의 정보로 로그인할 시 에러메시지가 나타나야 합니다."}],"endTime":1683179521764,"message":"","name":"/Users/jeongwon/Documents/git/assignment-auth-token/client/src/__test__/client.test.js","startTime":1683179520826,"status":"passed","summary":""}],"wasInterrupted":false}